#! /c/Source/iverilog-install/bin/vvp
:ivl_version "12.0 (devel)" "(s20150603-1110-g18392a46)";
:ivl_delay_selection "TYPICAL";
:vpi_time_precision + 0;
:vpi_module "C:\iverilog\lib\ivl\system.vpi";
:vpi_module "C:\iverilog\lib\ivl\vhdl_sys.vpi";
:vpi_module "C:\iverilog\lib\ivl\vhdl_textio.vpi";
:vpi_module "C:\iverilog\lib\ivl\v2005_math.vpi";
:vpi_module "C:\iverilog\lib\ivl\va_math.vpi";
S_00000274d2df2720 .scope module, "Exercicio1" "Exercicio1" 2 1;
 .timescale 0 0;
    .port_info 0 /INPUT 1 "a";
    .port_info 1 /INPUT 1 "b";
    .port_info 2 /INPUT 1 "c";
    .port_info 3 /INPUT 1 "d";
    .port_info 4 /OUTPUT 1 "f";
o00000274d2e27008 .functor BUFZ 1, C4<z>; HiZ drive
o00000274d2e27038 .functor BUFZ 1, C4<z>; HiZ drive
L_00000274d2e26c10 .functor AND 1, o00000274d2e27008, o00000274d2e27038, C4<1>, C4<1>;
o00000274d2e27068 .functor BUFZ 1, C4<z>; HiZ drive
o00000274d2e27098 .functor BUFZ 1, C4<z>; HiZ drive
L_00000274d2e26ee0 .functor AND 1, o00000274d2e27068, o00000274d2e27098, C4<1>, C4<1>;
L_00000274d2df3210 .functor AND 1, L_00000274d2e26c10, L_00000274d2e26ee0, C4<1>, C4<1>;
L_00000274d2f5dd40 .functor NOT 1, L_00000274d2df3210, C4<0>, C4<0>, C4<0>;
v00000274d2e26e40_0 .net *"_ivl_4", 0 0, L_00000274d2df3210;  1 drivers
v00000274d2e26b70_0 .net "a", 0 0, o00000274d2e27008;  0 drivers
v00000274d2df28b0_0 .net "b", 0 0, o00000274d2e27038;  0 drivers
v00000274d2df2950_0 .net "c", 0 0, o00000274d2e27068;  0 drivers
v00000274d2df29f0_0 .net "d", 0 0, o00000274d2e27098;  0 drivers
v00000274d2df2a90_0 .net "f", 0 0, L_00000274d2f5dd40;  1 drivers
v00000274d2df2b30_0 .net "t1", 0 0, L_00000274d2e26c10;  1 drivers
v00000274d2f5dca0_0 .net "t2", 0 0, L_00000274d2e26ee0;  1 drivers
# The file index is used to find the file name in the following table.
:file_names 3;
    "N/A";
    "<interactive>";
    "Exercicio1.v";
